<?xml version="1.0" encoding="UTF-8"?>
<testng-results ignored="0" total="1" passed="1" failed="0" skipped="0">
  <reporter-output>
  </reporter-output>
  <suite started-at="2019-09-04T21:42:06Z" name="Default suite" finished-at="2019-09-04T21:47:08Z" duration-ms="302923">
    <groups>
    </groups>
    <test started-at="2019-09-04T21:42:06Z" name="Default test" finished-at="2019-09-04T21:47:08Z" duration-ms="302923">
      <class name="keywordDriven.Application">
        <test-method signature="verifyInvalidCredentials()[pri:0, instance:keywordDriven.Application@4c178a76]" started-at="2019-09-04T21:42:06Z" name="verifyInvalidCredentials" finished-at="2019-09-04T21:47:08Z" duration-ms="302877" status="PASS">
          <reporter-output>
          </reporter-output>
        </test-method> <!-- verifyInvalidCredentials -->
      </class> <!-- keywordDriven.Application -->
    </test> <!-- Default test -->
  </suite> <!-- Default suite -->
</testng-results>
